============================= test session starts ==============================
platform linux -- Python 3.12.3, pytest-7.4.4, pluggy-1.6.0
rootdir: /home/huy/projects/Production-Ready-ML-Library
configfile: pyproject.toml
testpaths: tests
plugins: hypothesis-6.135.14, cov-3.0.0
collected 148 items

tests/integration/test_pipeline.py ......                                [  4%]
tests/unit/test_base_model.py .......s.                                  [ 10%]
tests/unit/test_config.py .......                                        [ 14%]
tests/unit/test_config_loader.py F/home/huy/.cache/pypoetry/virtualenvs/ml-library-R55_URkK-py3.12/lib/python3.12/site-packages/coverage/control.py:915: CoverageWarning: No data was collected. (no-data-collected)
  self._warn("No data was collected.", slug="no-data-collected")


=================================== FAILURES ===================================
/usr/lib/python3.12/tempfile.py:638: TypeError: a bytes-like object is required, not 'str'
=============================== warnings summary ===============================
../../.cache/pypoetry/virtualenvs/ml-library-R55_URkK-py3.12/lib/python3.12/site-packages/pytest_cov/plugin.py:256
  /home/huy/.cache/pypoetry/virtualenvs/ml-library-R55_URkK-py3.12/lib/python3.12/site-packages/pytest_cov/plugin.py:256: PytestDeprecationWarning: The hookimpl CovPlugin.pytest_configure_node uses old-style configuration options (marks or attributes).
  Please use the pytest.hookimpl(optionalhook=True) decorator instead
   to configure the hooks.
   See https://docs.pytest.org/en/latest/deprecations.html#configuring-hook-specs-impls-using-markers
    def pytest_configure_node(self, node):

../../.cache/pypoetry/virtualenvs/ml-library-R55_URkK-py3.12/lib/python3.12/site-packages/pytest_cov/plugin.py:265
  /home/huy/.cache/pypoetry/virtualenvs/ml-library-R55_URkK-py3.12/lib/python3.12/site-packages/pytest_cov/plugin.py:265: PytestDeprecationWarning: The hookimpl CovPlugin.pytest_testnodedown uses old-style configuration options (marks or attributes).
  Please use the pytest.hookimpl(optionalhook=True) decorator instead
   to configure the hooks.
   See https://docs.pytest.org/en/latest/deprecations.html#configuring-hook-specs-impls-using-markers
    def pytest_testnodedown(self, node, error):

-- Docs: https://docs.pytest.org/en/stable/how-to/capture-warnings.html

---------- coverage: platform linux, python 3.12.3-final-0 -----------
Name                            Stmts   Miss  Cover   Missing
-------------------------------------------------------------
config/__init__.py                  2      2     0%   3-5
config/loader.py                   40     40     0%   3-90
evaluation/__init__.py              2      2     0%   3-5
evaluation/metrics.py              48     48     0%   3-162
inference/__init__.py               2      2     0%   3-5
inference/predictor.py             72     72     0%   3-204
models/__init__.py                  9      9     0%   3-12
models/base.py                     43     43     0%   3-118
models/classification.py          104    104     0%   3-272
models/knn_models.py               99     99     0%   3-351
models/random_forest.py           112    112     0%   3-365
models/regression.py               75     75     0%   3-198
models/svm_models.py              106    106     0%   3-377
models/tree_models.py             110    110     0%   3-351
models/xgboost_models.py          114    114     0%   3-379
preprocessing/__init__.py           2      2     0%   3-5
preprocessing/transformers.py     101    101     0%   3-260
training/__init__.py                2      2     0%   3-5
training/trainer.py                45     45     0%   3-147
utils/__init__.py                   2      2     0%   3-5
utils/logger.py                    13     13     0%   3-55
-------------------------------------------------------------
TOTAL                            1103   1103     0%
Coverage XML written to file coverage.xml

=========================== short test summary info ============================
FAILED tests/unit/test_config_loader.py::TestConfigLoader::test_load_yaml - T...
!!!!!!!!!!!!!!!!!!!!!!!!!! stopping after 1 failures !!!!!!!!!!!!!!!!!!!!!!!!!!!
============= 1 failed, 21 passed, 1 skipped, 2 warnings in -0.91s =============
